<?xml version="1.0" encoding="UTF-8"?>
<testsuites name="jest tests" tests="15" failures="0" errors="0" time="0.57">
  <testsuite name="Taches" errors="0" failures="0" skipped="0" timestamp="2025-07-29T07:58:39" time="0.329" tests="15">
    <testcase classname="Taches getTaches should fetch all taches without site restrictions" name="Taches getTaches should fetch all taches without site restrictions" time="0.003">
    </testcase>
    <testcase classname="Taches getTaches should fetch taches with site restrictions" name="Taches getTaches should fetch taches with site restrictions" time="0">
    </testcase>
    <testcase classname="Taches getTache should fetch a single tache by ID" name="Taches getTache should fetch a single tache by ID" time="0">
    </testcase>
    <testcase classname="Taches createTaches should create multiple taches without site restrictions" name="Taches createTaches should create multiple taches without site restrictions" time="0">
    </testcase>
    <testcase classname="Taches createTaches should create taches with site restrictions" name="Taches createTaches should create taches with site restrictions" time="0">
    </testcase>
    <testcase classname="Taches updateTache should update a tache without tache sites" name="Taches updateTache should update a tache without tache sites" time="0.001">
    </testcase>
    <testcase classname="Taches updateTache should update a tache with updated tache sites" name="Taches updateTache should update a tache with updated tache sites" time="0">
    </testcase>
    <testcase classname="Taches deleteTache should delete a tache" name="Taches deleteTache should delete a tache" time="0">
    </testcase>
    <testcase classname="Taches getExcelFile should export taches to Excel in Node.js environment" name="Taches getExcelFile should export taches to Excel in Node.js environment" time="0.001">
    </testcase>
    <testcase classname="Taches getExcelFile should export taches to CSV in Node.js environment" name="Taches getExcelFile should export taches to CSV in Node.js environment" time="0.001">
    </testcase>
    <testcase classname="Taches inherited CRUD methods should call getAll with correct endpoint" name="Taches inherited CRUD methods should call getAll with correct endpoint" time="0">
    </testcase>
    <testcase classname="Taches inherited CRUD methods should call getById with correct endpoint" name="Taches inherited CRUD methods should call getById with correct endpoint" time="0.001">
    </testcase>
    <testcase classname="Taches inherited CRUD methods should call create with correct endpoint" name="Taches inherited CRUD methods should call create with correct endpoint" time="0">
    </testcase>
    <testcase classname="Taches inherited CRUD methods should call update with correct endpoint" name="Taches inherited CRUD methods should call update with correct endpoint" time="0.001">
    </testcase>
    <testcase classname="Taches inherited CRUD methods should call remove with correct endpoint" name="Taches inherited CRUD methods should call remove with correct endpoint" time="0">
    </testcase>
  </testsuite>
</testsuites>