<?xml version="1.0" encoding="UTF-8"?>
<testsuites name="jest tests" tests="32" failures="0" errors="0" time="0.721">
  <testsuite name="Consommable API Service" errors="0" failures="0" skipped="0" timestamp="2025-07-02T11:11:05" time="0.451" tests="32">
    <testcase classname="Consommable API Service CRUD Operations getAll should get all consommables" name="Consommable API Service CRUD Operations getAll should get all consommables" time="0.003">
    </testcase>
    <testcase classname="Consommable API Service CRUD Operations getById should get a consommable by id" name="Consommable API Service CRUD Operations getById should get a consommable by id" time="0.001">
    </testcase>
    <testcase classname="Consommable API Service CRUD Operations create should create a new consommable" name="Consommable API Service CRUD Operations create should create a new consommable" time="0.001">
    </testcase>
    <testcase classname="Consommable API Service CRUD Operations update should update a consommable" name="Consommable API Service CRUD Operations update should update a consommable" time="0.001">
    </testcase>
    <testcase classname="Consommable API Service CRUD Operations delete should delete a consommable" name="Consommable API Service CRUD Operations delete should delete a consommable" time="0">
    </testcase>
    <testcase classname="Consommable API Service Enhanced Methods getConsommables should get consommables with storage options" name="Consommable API Service Enhanced Methods getConsommables should get consommables with storage options" time="0">
    </testcase>
    <testcase classname="Consommable API Service Enhanced Methods getConsommablesEtiquettes should get consommables etiquettes" name="Consommable API Service Enhanced Methods getConsommablesEtiquettes should get consommables etiquettes" time="0.001">
    </testcase>
    <testcase classname="Consommable API Service Enhanced Methods getConsommablesEnStock should get consommables en stock" name="Consommable API Service Enhanced Methods getConsommablesEnStock should get consommables en stock" time="0.001">
    </testcase>
    <testcase classname="Consommable API Service Enhanced Methods getEquipements should get equipements for a consommable" name="Consommable API Service Enhanced Methods getEquipements should get equipements for a consommable" time="0">
    </testcase>
    <testcase classname="Consommable API Service Equipment and Association Methods getConsommablesForEquipement should get consommables for an equipement" name="Consommable API Service Equipment and Association Methods getConsommablesForEquipement should get consommables for an equipement" time="0">
    </testcase>
    <testcase classname="Consommable API Service Equipment and Association Methods getEquipementConsommables should get equipement consommables" name="Consommable API Service Equipment and Association Methods getEquipementConsommables should get equipement consommables" time="0">
    </testcase>
    <testcase classname="Consommable API Service Equipment and Association Methods createConsommablesEquipements should create consommables equipements association" name="Consommable API Service Equipment and Association Methods createConsommablesEquipements should create consommables equipements association" time="0">
    </testcase>
    <testcase classname="Consommable API Service Stock Management Methods updateStock should update stock for a consommable" name="Consommable API Service Stock Management Methods updateStock should update stock for a consommable" time="0.001">
    </testcase>
    <testcase classname="Consommable API Service Stock Management Methods updateConsommables should update multiple consommables" name="Consommable API Service Stock Management Methods updateConsommables should update multiple consommables" time="0">
    </testcase>
    <testcase classname="Consommable API Service Stock Management Methods deleteMultiple should delete multiple consommables" name="Consommable API Service Stock Management Methods deleteMultiple should delete multiple consommables" time="0.001">
    </testcase>
    <testcase classname="Consommable API Service Stock Management Methods removeConsommable should remove/delete a consommable" name="Consommable API Service Stock Management Methods removeConsommable should remove/delete a consommable" time="0.001">
    </testcase>
    <testcase classname="Consommable API Service Consumption and Movement Methods getConsommations should get consommations" name="Consommable API Service Consumption and Movement Methods getConsommations should get consommations" time="0">
    </testcase>
    <testcase classname="Consommable API Service Consumption and Movement Methods createConsommableMouvement should create a consommable mouvement" name="Consommable API Service Consumption and Movement Methods createConsommableMouvement should create a consommable mouvement" time="0.001">
    </testcase>
    <testcase classname="Consommable API Service Consumption and Movement Methods deleteConsommableMouvement should delete a consommable mouvement" name="Consommable API Service Consumption and Movement Methods deleteConsommableMouvement should delete a consommable mouvement" time="0">
    </testcase>
    <testcase classname="Consommable API Service Consumption and Movement Methods createConsommations should create consommations" name="Consommable API Service Consumption and Movement Methods createConsommations should create consommations" time="0">
    </testcase>
    <testcase classname="Consommable API Service Consumption and Movement Methods createConsommations should create consommations with maintenance ID" name="Consommable API Service Consumption and Movement Methods createConsommations should create consommations with maintenance ID" time="0.001">
    </testcase>
    <testcase classname="Consommable API Service Export and Reporting Methods getFile should export consommables file and return a Blob" name="Consommable API Service Export and Reporting Methods getFile should export consommables file and return a Blob" time="0.002">
    </testcase>
    <testcase classname="Consommable API Service Export and Reporting Methods getFile should export CSV file with BOM and return a Blob" name="Consommable API Service Export and Reporting Methods getFile should export CSV file with BOM and return a Blob" time="0.001">
    </testcase>
    <testcase classname="Consommable API Service Export and Reporting Methods getRepartitionQuantites should get repartition quantites" name="Consommable API Service Export and Reporting Methods getRepartitionQuantites should get repartition quantites" time="0">
    </testcase>
    <testcase classname="Consommable API Service Export and Reporting Methods getConsommableMouvementsDemandeurs should get consommable mouvements demandeurs" name="Consommable API Service Export and Reporting Methods getConsommableMouvementsDemandeurs should get consommable mouvements demandeurs" time="0">
    </testcase>
    <testcase classname="Consommable API Service Export and Reporting Methods exportConsommables should export consommables to file and return a Blob" name="Consommable API Service Export and Reporting Methods exportConsommables should export consommables to file and return a Blob" time="0">
    </testcase>
    <testcase classname="Consommable API Service Export and Reporting Methods exportConsommables should export CSV consommables with BOM and return a Blob" name="Consommable API Service Export and Reporting Methods exportConsommables should export CSV consommables with BOM and return a Blob" time="0.001">
    </testcase>
    <testcase classname="Consommable API Service Supplier and Integration Methods createConsommableFournisseurs should create consommable fournisseurs association" name="Consommable API Service Supplier and Integration Methods createConsommableFournisseurs should create consommable fournisseurs association" time="0">
    </testcase>
    <testcase classname="Consommable API Service Supplier and Integration Methods removeConsommableFournisseurs should remove consommable fournisseurs association" name="Consommable API Service Supplier and Integration Methods removeConsommableFournisseurs should remove consommable fournisseurs association" time="0.001">
    </testcase>
    <testcase classname="Consommable API Service Supplier and Integration Methods importModelConsommablesExcel should import consommables from Excel model" name="Consommable API Service Supplier and Integration Methods importModelConsommablesExcel should import consommables from Excel model" time="0">
    </testcase>
    <testcase classname="Consommable API Service Supplier and Integration Methods getExcelFileModeleIntegration should get Excel file model for integration and return a Blob" name="Consommable API Service Supplier and Integration Methods getExcelFileModeleIntegration should get Excel file model for integration and return a Blob" time="0.001">
    </testcase>
    <testcase classname="Consommable API Service Additional Methods createOperationsConsommations should create operations consommations for maintenance" name="Consommable API Service Additional Methods createOperationsConsommations should create operations consommations for maintenance" time="0.002">
    </testcase>
  </testsuite>
</testsuites>