<?xml version="1.0" encoding="UTF-8"?>
<testsuites name="jest tests" tests="21" failures="1" errors="0" time="0.86">
  <testsuite name="PlanInteractif API Service" errors="0" failures="1" skipped="0" timestamp="2025-07-28T07:47:39" time="0.603" tests="21">
    <testcase classname="PlanInteractif API Service Constructor should initialize endpoints correctly" name="PlanInteractif API Service Constructor should initialize endpoints correctly" time="0.025">
    </testcase>
    <testcase classname="PlanInteractif API Service Constructor should inherit from ApiRequest with correct auth" name="PlanInteractif API Service Constructor should inherit from ApiRequest with correct auth" time="0.002">
    </testcase>
    <testcase classname="PlanInteractif API Service convertDataToFeature should convert data to GeoJSON feature" name="PlanInteractif API Service convertDataToFeature should convert data to GeoJSON feature" time="0.002">
    </testcase>
    <testcase classname="PlanInteractif API Service convertDataToFeature should handle missing coordinates" name="PlanInteractif API Service convertDataToFeature should handle missing coordinates" time="0.001">
    </testcase>
    <testcase classname="PlanInteractif API Service updateFeaturePosition should update feature position with new coordinates" name="PlanInteractif API Service updateFeaturePosition should update feature position with new coordinates" time="0.002">
    </testcase>
    <testcase classname="PlanInteractif API Service getPiecesACreer should extract pieces to create from GeoJSON draft" name="PlanInteractif API Service getPiecesACreer should extract pieces to create from GeoJSON draft" time="0.002">
    </testcase>
    <testcase classname="PlanInteractif API Service getPiecesACreer should return empty array when no pieces to create" name="PlanInteractif API Service getPiecesACreer should return empty array when no pieces to create" time="0.003">
    </testcase>
    <testcase classname="PlanInteractif API Service reaffectePiecesAuxMarkers should reassign pieces to markers based on libel_lieu and codeUn" name="PlanInteractif API Service reaffectePiecesAuxMarkers should reassign pieces to markers based on libel_lieu and codeUn" time="0.002">
    </testcase>
    <testcase classname="PlanInteractif API Service getElementsPositionneesEtNonPositionnees should separate positioned and non-positioned elements" name="PlanInteractif API Service getElementsPositionneesEtNonPositionnees should separate positioned and non-positioned elements" time="0.003">
    </testcase>
    <testcase classname="PlanInteractif API Service newGeoJsonFeature should create new GeoJSON feature from data and coordinates" name="PlanInteractif API Service newGeoJsonFeature should create new GeoJSON feature from data and coordinates" time="0.001">
    </testcase>
    <testcase classname="PlanInteractif API Service geoJsonDeepCopy should create deep copy of GeoJSON" name="PlanInteractif API Service geoJsonDeepCopy should create deep copy of GeoJSON" time="0.002">
    </testcase>
    <testcase classname="PlanInteractif API Service geoJsonDeepCopy should handle empty GeoJSON" name="PlanInteractif API Service geoJsonDeepCopy should handle empty GeoJSON" time="0.001">
    </testcase>
    <testcase classname="PlanInteractif API Service exportPiecesACreerExcel should export pieces to create as Excel" name="PlanInteractif API Service exportPiecesACreerExcel should export pieces to create as Excel" time="0.001">
    </testcase>
    <testcase classname="PlanInteractif API Service exportExcel should export data as Excel file in browser environment" name="PlanInteractif API Service exportExcel should export data as Excel file in browser environment" time="0.028">
    </testcase>
    <testcase classname="PlanInteractif API Service exportExcel should handle non-browser environment gracefully" name="PlanInteractif API Service exportExcel should handle non-browser environment gracefully" time="0.023">
      <failure>Error: expect(jest.fn()).toHaveBeenCalledWith(...expected)

Expected: &quot;Excel export requires browser environment&quot;

Number of calls: 0
    at Object.&lt;anonymous&gt; (C:\xampp\htdocs\verifgood\VerifgoodSDK\tests\PlanInteractif.test.ts:392:32)
    at Promise.then.completed (C:\xampp\htdocs\verifgood\VerifgoodSDK\node_modules\jest-circus\build\utils.js:298:28)
    at new Promise (&lt;anonymous&gt;)
    at callAsyncCircusFn (C:\xampp\htdocs\verifgood\VerifgoodSDK\node_modules\jest-circus\build\utils.js:231:10)
    at _callCircusTest (C:\xampp\htdocs\verifgood\VerifgoodSDK\node_modules\jest-circus\build\run.js:316:40)
    at _runTest (C:\xampp\htdocs\verifgood\VerifgoodSDK\node_modules\jest-circus\build\run.js:252:3)
    at _runTestsForDescribeBlock (C:\xampp\htdocs\verifgood\VerifgoodSDK\node_modules\jest-circus\build\run.js:126:9)
    at _runTestsForDescribeBlock (C:\xampp\htdocs\verifgood\VerifgoodSDK\node_modules\jest-circus\build\run.js:121:9)
    at _runTestsForDescribeBlock (C:\xampp\htdocs\verifgood\VerifgoodSDK\node_modules\jest-circus\build\run.js:121:9)
    at run (C:\xampp\htdocs\verifgood\VerifgoodSDK\node_modules\jest-circus\build\run.js:71:3)
    at runAndTransformResultsToJestFormat (C:\xampp\htdocs\verifgood\VerifgoodSDK\node_modules\jest-circus\build\legacy-code-todo-rewrite\jestAdapterInit.js:122:21)
    at jestAdapter (C:\xampp\htdocs\verifgood\VerifgoodSDK\node_modules\jest-circus\build\legacy-code-todo-rewrite\jestAdapter.js:79:19)
    at runTestInternal (C:\xampp\htdocs\verifgood\VerifgoodSDK\node_modules\jest-runner\build\runTest.js:367:16)
    at runTest (C:\xampp\htdocs\verifgood\VerifgoodSDK\node_modules\jest-runner\build\runTest.js:444:34)</failure>
    </testcase>
    <testcase classname="PlanInteractif API Service importCsv should import and parse CSV file correctly" name="PlanInteractif API Service importCsv should import and parse CSV file correctly" time="0.003">
    </testcase>
    <testcase classname="PlanInteractif API Service importCsv should handle CSV with special characters and sanitize data" name="PlanInteractif API Service importCsv should handle CSV with special characters and sanitize data" time="0.002">
    </testcase>
    <testcase classname="PlanInteractif API Service importCsv should reject on FileReader error" name="PlanInteractif API Service importCsv should reject on FileReader error" time="0.002">
    </testcase>
    <testcase classname="PlanInteractif API Service geoJsonVide computed property should return empty GeoJSON structure" name="PlanInteractif API Service geoJsonVide computed property should return empty GeoJSON structure" time="0.002">
    </testcase>
    <testcase classname="PlanInteractif API Service geoJsonVide computed property should return new instance each time" name="PlanInteractif API Service geoJsonVide computed property should return new instance each time" time="0.002">
    </testcase>
    <testcase classname="PlanInteractif API Service VGSDK integration should be accessible through VGSDK" name="PlanInteractif API Service VGSDK integration should be accessible through VGSDK" time="0.001">
    </testcase>
  </testsuite>
</testsuites>