<?xml version="1.0" encoding="UTF-8"?>
<testsuites name="jest tests" tests="8" failures="6" errors="0" time="0.67">
  <testsuite name="Tags API Service" errors="0" failures="6" skipped="0" timestamp="2025-07-29T10:10:31" time="0.436" tests="8">
    <testcase classname="Tags API Service Constructor should initialize endpoints correctly" name="Tags API Service Constructor should initialize endpoints correctly" time="0.003">
    </testcase>
    <testcase classname="Tags API Service Constructor should inherit from ApiRequest with correct auth and apiBaseUrl" name="Tags API Service Constructor should inherit from ApiRequest with correct auth and apiBaseUrl" time="0.002">
    </testcase>
    <testcase classname="Tags API Service Non-CRUD methods should call getTagsCustom with correct params" name="Tags API Service Non-CRUD methods should call getTagsCustom with correct params" time="0.101">
      <failure>TypeError: fetch failed
    at node:internal/deps/undici/undici:13510:13
    at processTicksAndRejections (node:internal/process/task_queues:105:5)
    at Tags.apiRequest (C:\xampp\htdocs\verifgood\VerifgoodSDK\src\core\HttpClient.ts:79:24)
    at Object.&lt;anonymous&gt; (C:\xampp\htdocs\verifgood\VerifgoodSDK\tests\Tags.test.ts:35:7)</failure>
    </testcase>
    <testcase classname="Tags API Service Non-CRUD methods should call getTags (deprecated) with correct params" name="Tags API Service Non-CRUD methods should call getTags (deprecated) with correct params" time="0.002">
      <failure>TypeError: metadatas.get is not a function
    at Tags.parseMetadata (C:\xampp\htdocs\verifgood\VerifgoodSDK\src\core\HttpClient.ts:55:53)
    at Tags.get (C:\xampp\htdocs\verifgood\VerifgoodSDK\src\core\HttpClient.ts:28:26)
    at Tags.getTags (C:\xampp\htdocs\verifgood\VerifgoodSDK\src\apiRequests\Tags.ts:35:18)
    at Object.&lt;anonymous&gt; (C:\xampp\htdocs\verifgood\VerifgoodSDK\tests\Tags.test.ts:41:18)
    at Promise.then.completed (C:\xampp\htdocs\verifgood\VerifgoodSDK\node_modules\jest-circus\build\utils.js:298:28)
    at new Promise (&lt;anonymous&gt;)
    at callAsyncCircusFn (C:\xampp\htdocs\verifgood\VerifgoodSDK\node_modules\jest-circus\build\utils.js:231:10)
    at _callCircusTest (C:\xampp\htdocs\verifgood\VerifgoodSDK\node_modules\jest-circus\build\run.js:316:40)
    at processTicksAndRejections (node:internal/process/task_queues:105:5)
    at _runTest (C:\xampp\htdocs\verifgood\VerifgoodSDK\node_modules\jest-circus\build\run.js:252:3)
    at _runTestsForDescribeBlock (C:\xampp\htdocs\verifgood\VerifgoodSDK\node_modules\jest-circus\build\run.js:126:9)
    at _runTestsForDescribeBlock (C:\xampp\htdocs\verifgood\VerifgoodSDK\node_modules\jest-circus\build\run.js:121:9)
    at _runTestsForDescribeBlock (C:\xampp\htdocs\verifgood\VerifgoodSDK\node_modules\jest-circus\build\run.js:121:9)
    at run (C:\xampp\htdocs\verifgood\VerifgoodSDK\node_modules\jest-circus\build\run.js:71:3)
    at runAndTransformResultsToJestFormat (C:\xampp\htdocs\verifgood\VerifgoodSDK\node_modules\jest-circus\build\legacy-code-todo-rewrite\jestAdapterInit.js:122:21)
    at jestAdapter (C:\xampp\htdocs\verifgood\VerifgoodSDK\node_modules\jest-circus\build\legacy-code-todo-rewrite\jestAdapter.js:79:19)
    at runTestInternal (C:\xampp\htdocs\verifgood\VerifgoodSDK\node_modules\jest-runner\build\runTest.js:367:16)
    at runTest (C:\xampp\htdocs\verifgood\VerifgoodSDK\node_modules\jest-runner\build\runTest.js:444:34)</failure>
    </testcase>
    <testcase classname="Tags API Service Non-CRUD methods should call postTags with correct params" name="Tags API Service Non-CRUD methods should call postTags with correct params" time="0.008">
      <failure>TypeError: fetch failed
    at node:internal/deps/undici/undici:13510:13
    at processTicksAndRejections (node:internal/process/task_queues:105:5)
    at Tags.apiRequest (C:\xampp\htdocs\verifgood\VerifgoodSDK\src\core\HttpClient.ts:79:24)
    at Object.&lt;anonymous&gt; (C:\xampp\htdocs\verifgood\VerifgoodSDK\tests\Tags.test.ts:49:7)</failure>
    </testcase>
    <testcase classname="Tags API Service Non-CRUD methods should call putTag with correct params" name="Tags API Service Non-CRUD methods should call putTag with correct params" time="0.007">
      <failure>TypeError: fetch failed
    at node:internal/deps/undici/undici:13510:13
    at processTicksAndRejections (node:internal/process/task_queues:105:5)
    at Tags.apiRequest (C:\xampp\htdocs\verifgood\VerifgoodSDK\src\core\HttpClient.ts:79:24)
    at Object.&lt;anonymous&gt; (C:\xampp\htdocs\verifgood\VerifgoodSDK\tests\Tags.test.ts:56:7)</failure>
    </testcase>
    <testcase classname="Tags API Service Non-CRUD methods should call deleteTag with correct params" name="Tags API Service Non-CRUD methods should call deleteTag with correct params" time="0.004">
      <failure>TypeError: fetch failed
    at node:internal/deps/undici/undici:13510:13
    at processTicksAndRejections (node:internal/process/task_queues:105:5)
    at Tags.apiRequest (C:\xampp\htdocs\verifgood\VerifgoodSDK\src\core\HttpClient.ts:79:24)
    at Object.&lt;anonymous&gt; (C:\xampp\htdocs\verifgood\VerifgoodSDK\tests\Tags.test.ts:62:7)</failure>
    </testcase>
    <testcase classname="Tags API Service Non-CRUD methods should call listComposantType with correct params" name="Tags API Service Non-CRUD methods should call listComposantType with correct params" time="0.005">
      <failure>TypeError: fetch failed
    at node:internal/deps/undici/undici:13510:13
    at processTicksAndRejections (node:internal/process/task_queues:105:5)
    at Tags.apiRequest (C:\xampp\htdocs\verifgood\VerifgoodSDK\src\core\HttpClient.ts:79:24)
    at Object.&lt;anonymous&gt; (C:\xampp\htdocs\verifgood\VerifgoodSDK\tests\Tags.test.ts:68:7)</failure>
    </testcase>
  </testsuite>
</testsuites>